<?xml version="1.0" encoding="UTF-8"?>
<testng-results ignored="0" total="2" passed="2" failed="0" skipped="0">
  <reporter-output>
  </reporter-output>
  <suite started-at="2022-08-29T11:47:58Z" name="Default suite" finished-at="2022-08-29T11:48:26Z" duration-ms="28254">
    <groups>
    </groups>
    <test started-at="2022-08-29T11:47:58Z" name="Default test" finished-at="2022-08-29T11:48:26Z" duration-ms="28254">
      <class name="qaautomation.testTokped.Running">
        <test-method is-config="true" signature="openUrl()[pri:0, instance:qaautomation.testTokped.Running@8ad6665]" started-at="2022-08-29T11:47:58Z" name="openUrl" finished-at="2022-08-29T11:48:06Z" duration-ms="8109" status="PASS">
          <reporter-output>
          </reporter-output>
        </test-method> <!-- openUrl -->
        <test-method signature="GetSearchProduk()[pri:0, instance:qaautomation.testTokped.Running@8ad6665]" started-at="2022-08-29T11:48:06Z" name="GetSearchProduk" finished-at="2022-08-29T11:48:11Z" duration-ms="4748" status="PASS">
          <reporter-output>
          </reporter-output>
        </test-method> <!-- GetSearchProduk -->
        <test-method is-config="true" signature="close()[pri:0, instance:qaautomation.testTokped.Running@8ad6665]" started-at="2022-08-29T11:48:11Z" name="close" finished-at="2022-08-29T11:48:11Z" duration-ms="1" status="PASS">
          <reporter-output>
          </reporter-output>
        </test-method> <!-- close -->
        <test-method is-config="true" signature="openUrl()[pri:0, instance:qaautomation.testTokped.Running@8ad6665]" started-at="2022-08-29T11:48:11Z" name="openUrl" finished-at="2022-08-29T11:48:18Z" duration-ms="7081" status="PASS">
          <reporter-output>
          </reporter-output>
        </test-method> <!-- openUrl -->
        <test-method signature="Wishlist()[pri:0, instance:qaautomation.testTokped.Running@8ad6665]" started-at="2022-08-29T11:48:18Z" name="Wishlist" finished-at="2022-08-29T11:48:26Z" duration-ms="7619" status="PASS">
          <reporter-output>
          </reporter-output>
        </test-method> <!-- Wishlist -->
        <test-method is-config="true" signature="close()[pri:0, instance:qaautomation.testTokped.Running@8ad6665]" started-at="2022-08-29T11:48:26Z" name="close" finished-at="2022-08-29T11:48:26Z" duration-ms="10" status="PASS">
          <reporter-output>
          </reporter-output>
        </test-method> <!-- close -->
      </class> <!-- qaautomation.testTokped.Running -->
    </test> <!-- Default test -->
  </suite> <!-- Default suite -->
</testng-results>
