<?xml version="1.0" encoding="UTF-8"?>
<!-- Generated by org.testng.reporters.JUnitXMLReporter -->
<testsuite ignored="1" hostname="DESKTOP-MQ57DD3" failures="0" tests="1" name="Default test" time="53.587" errors="0" timestamp="29 Aug 2022 14:24:45 GMT">
  <testcase classname="qaautomation.testTokped.Running" name="Wishlist" time="11.563"/>
  <testcase classname="qaautomation.testTokped.Running" name="GetSearchProduk" time="0.0">
    <ignored/>
  </testcase> <!-- GetSearchProduk -->
</testsuite> <!-- Default test -->
