<?xml version="1.0" encoding="UTF-8"?>
<testng-results ignored="1" total="2" passed="1" failed="0" skipped="0">
  <reporter-output>
  </reporter-output>
  <suite started-at="2022-08-29T14:23:52Z" name="Default suite" finished-at="2022-08-29T14:24:45Z" duration-ms="53587">
    <groups>
    </groups>
    <test started-at="2022-08-29T14:23:52Z" name="Default test" finished-at="2022-08-29T14:24:45Z" duration-ms="53587">
      <class name="qaautomation.testTokped.Running">
        <test-method is-config="true" signature="openUrl()[pri:0, instance:qaautomation.testTokped.Running@33308786]" started-at="2022-08-29T14:23:52Z" name="openUrl" finished-at="2022-08-29T14:24:32Z" duration-ms="40740" status="PASS">
          <reporter-output>
          </reporter-output>
        </test-method> <!-- openUrl -->
        <test-method signature="Wishlist()[pri:0, instance:qaautomation.testTokped.Running@33308786]" started-at="2022-08-29T14:24:33Z" name="Wishlist" finished-at="2022-08-29T14:24:45Z" duration-ms="11563" status="PASS">
          <reporter-output>
          </reporter-output>
        </test-method> <!-- Wishlist -->
        <test-method is-config="true" signature="close()[pri:0, instance:qaautomation.testTokped.Running@33308786]" started-at="2022-08-29T14:24:45Z" name="close" finished-at="2022-08-29T14:24:45Z" duration-ms="2" status="PASS">
          <reporter-output>
          </reporter-output>
        </test-method> <!-- close -->
      </class> <!-- qaautomation.testTokped.Running -->
    </test> <!-- Default test -->
  </suite> <!-- Default suite -->
</testng-results>
